2021-08-02 21:12:20.949 [main] DEBUG cn.vuffy.o2o.dao.UserProductMapDaoTest - Running with Spring Boot v2.1.6.RELEASE, Spring v5.1.8.RELEASE
2021-08-02 21:16:01.556 [main] DEBUG cn.vuffy.o2o.dao.UserProductMapDaoTest - Running with Spring Boot v2.1.6.RELEASE, Spring v5.1.8.RELEASE
2021-08-02 21:16:05.016 [main] DEBUG c.v.o2o.dao.UserProductMapDao.insertUserProductMap - ==>  Preparing: INSERT INTO tb_user_product_map(user_id, product_id, shop_id, operator_id, create_time, point) VALUES (?, ?, ?, ?, ?, ?)
2021-08-02 21:16:05.074 [main] DEBUG c.v.o2o.dao.UserProductMapDao.insertUserProductMap - ==> Parameters: 5(Long), 2(Long), 27(Long), 5(Long), 2021-08-02 21:16:04.555(Timestamp), null
2021-08-02 21:16:05.093 [main] DEBUG c.v.o2o.dao.UserProductMapDao.insertUserProductMap - <==    Updates: 1
2021-08-02 22:19:30.572 [main] DEBUG cn.vuffy.o2o.dao.UserProductMapDaoTest - Running with Spring Boot v2.1.6.RELEASE, Spring v5.1.8.RELEASE
2021-08-02 22:19:36.321 [main] DEBUG c.v.o2o.dao.UserProductMapDao.insertUserProductMap - ==>  Preparing: INSERT INTO tb_user_product_map(user_id, product_id, shop_id, operator_id, create_time, point) VALUES (?, ?, ?, ?, ?, ?)
2021-08-02 22:19:36.388 [main] DEBUG c.v.o2o.dao.UserProductMapDao.insertUserProductMap - ==> Parameters: 5(Long), 2(Long), 27(Long), 5(Long), 2021-08-02 22:19:35.688(Timestamp), null
2021-08-02 22:19:36.395 [main] DEBUG c.v.o2o.dao.UserProductMapDao.insertUserProductMap - <==    Updates: 1
2021-08-02 22:19:36.422 [main] DEBUG c.v.o2o.dao.UserProductMapDao.insertUserProductMap - ==>  Preparing: INSERT INTO tb_user_product_map(user_id, product_id, shop_id, operator_id, create_time, point) VALUES (?, ?, ?, ?, ?, ?)
2021-08-02 22:19:36.425 [main] DEBUG c.v.o2o.dao.UserProductMapDao.insertUserProductMap - ==> Parameters: 5(Long), 3(Long), 27(Long), 5(Long), 2021-08-02 22:19:36.422(Timestamp), null
2021-08-02 22:19:36.430 [main] DEBUG c.v.o2o.dao.UserProductMapDao.insertUserProductMap - <==    Updates: 1
2021-08-02 22:19:36.432 [main] DEBUG c.v.o2o.dao.UserProductMapDao.insertUserProductMap - ==>  Preparing: INSERT INTO tb_user_product_map(user_id, product_id, shop_id, operator_id, create_time, point) VALUES (?, ?, ?, ?, ?, ?)
2021-08-02 22:19:36.433 [main] DEBUG c.v.o2o.dao.UserProductMapDao.insertUserProductMap - ==> Parameters: 5(Long), 4(Long), 27(Long), 5(Long), 2021-08-02 22:19:36.432(Timestamp), null
2021-08-02 22:19:36.437 [main] DEBUG c.v.o2o.dao.UserProductMapDao.insertUserProductMap - <==    Updates: 1
2021-08-02 22:19:36.438 [main] DEBUG c.v.o2o.dao.UserProductMapDao.insertUserProductMap - ==>  Preparing: INSERT INTO tb_user_product_map(user_id, product_id, shop_id, operator_id, create_time, point) VALUES (?, ?, ?, ?, ?, ?)
2021-08-02 22:19:36.442 [main] DEBUG c.v.o2o.dao.UserProductMapDao.insertUserProductMap - ==> Parameters: 5(Long), 22(Long), 42(Long), 5(Long), 2021-08-02 22:19:36.438(Timestamp), null
2021-08-02 22:19:36.444 [main] DEBUG c.v.o2o.dao.UserProductMapDao.insertUserProductMap - <==    Updates: 1
2021-08-02 22:27:39.048 [main] DEBUG cn.vuffy.o2o.dao.UserProductMapDaoTest - Running with Spring Boot v2.1.6.RELEASE, Spring v5.1.8.RELEASE
2021-08-02 22:27:43.138 [main] DEBUG c.v.o.d.UserProductMapDao.queryUserProductMapList - ==>  Preparing: SELECT upm.user_product_id, upm.create_time, upm.point, buyer.user_id, buyer.user_name, s.shop_id, s.shop_name, p.product_id, p.product_name, operator.user_id AS operator_id, operator.user_name AS operator_name FROM tb_user_product_map upm, tb_person_info buyer, tb_shop s, tb_product p, tb_person_info operator WHERE upm.user_id = buyer.user_id and upm.shop_id = s.shop_id and upm.product_id = p.product_id and upm.operator_id = operator.user_id and buyer.user_name like '%测试%' ORDER BY upm.create_time desc LIMIT ?, ?;
2021-08-02 22:27:43.191 [main] DEBUG c.v.o.d.UserProductMapDao.queryUserProductMapList - ==> Parameters: 0(Integer), 2(Integer)
2021-08-02 22:27:43.241 [main] DEBUG c.v.o.d.UserProductMapDao.queryUserProductMapList - <==      Total: 2
2021-08-02 22:28:35.636 [main] DEBUG cn.vuffy.o2o.dao.UserProductMapDaoTest - Running with Spring Boot v2.1.6.RELEASE, Spring v5.1.8.RELEASE
2021-08-02 22:28:39.881 [main] DEBUG c.v.o.d.UserProductMapDao.queryUserProductMapList - ==>  Preparing: SELECT upm.user_product_id, upm.create_time, upm.point, buyer.user_id, buyer.user_name, s.shop_id, s.shop_name, p.product_id, p.product_name, operator.user_id AS operator_id, operator.user_name AS operator_name FROM tb_user_product_map upm, tb_person_info buyer, tb_shop s, tb_product p, tb_person_info operator WHERE upm.user_id = buyer.user_id and upm.shop_id = s.shop_id and upm.product_id = p.product_id and upm.operator_id = operator.user_id and buyer.user_name like '%测试%' ORDER BY upm.create_time desc LIMIT ?, ?;
2021-08-02 22:28:39.940 [main] DEBUG c.v.o.d.UserProductMapDao.queryUserProductMapList - ==> Parameters: 0(Integer), 2(Integer)
2021-08-02 22:28:40.005 [main] DEBUG c.v.o.d.UserProductMapDao.queryUserProductMapList - <==      Total: 2
2021-08-02 22:28:40.016 [main] DEBUG c.v.o.d.UserProductMapDao.queryUserProductMapCount - ==>  Preparing: SELECT count(1) FROM tb_user_product_map upm, tb_person_info buyer, tb_shop s, tb_product p, tb_person_info operator WHERE upm.user_id = buyer.user_id and upm.shop_id = s.shop_id and upm.product_id = p.product_id and upm.operator_id = operator.user_id and buyer.user_name like '%测试%'
2021-08-02 22:28:40.017 [main] DEBUG c.v.o.d.UserProductMapDao.queryUserProductMapCount - ==> Parameters: 
2021-08-02 22:28:40.019 [main] DEBUG c.v.o.d.UserProductMapDao.queryUserProductMapCount - <==      Total: 1
2021-08-02 22:28:40.024 [main] DEBUG c.v.o.d.UserProductMapDao.queryUserProductMapList - ==>  Preparing: SELECT upm.user_product_id, upm.create_time, upm.point, buyer.user_id, buyer.user_name, s.shop_id, s.shop_name, p.product_id, p.product_name, operator.user_id AS operator_id, operator.user_name AS operator_name FROM tb_user_product_map upm, tb_person_info buyer, tb_shop s, tb_product p, tb_person_info operator WHERE upm.user_id = buyer.user_id and upm.shop_id = s.shop_id and upm.product_id = p.product_id and upm.operator_id = operator.user_id and upm.shop_id = ? and buyer.user_name like '%测试%' ORDER BY upm.create_time desc LIMIT ?, ?;
2021-08-02 22:28:40.025 [main] DEBUG c.v.o.d.UserProductMapDao.queryUserProductMapList - ==> Parameters: 27(Long), 0(Integer), 3(Integer)
2021-08-02 22:28:40.032 [main] DEBUG c.v.o.d.UserProductMapDao.queryUserProductMapList - <==      Total: 3
2021-08-02 22:28:40.034 [main] DEBUG c.v.o.d.UserProductMapDao.queryUserProductMapCount - ==>  Preparing: SELECT count(1) FROM tb_user_product_map upm, tb_person_info buyer, tb_shop s, tb_product p, tb_person_info operator WHERE upm.user_id = buyer.user_id and upm.shop_id = s.shop_id and upm.product_id = p.product_id and upm.operator_id = operator.user_id and upm.shop_id = ? and buyer.user_name like '%测试%'
2021-08-02 22:28:40.035 [main] DEBUG c.v.o.d.UserProductMapDao.queryUserProductMapCount - ==> Parameters: 27(Long)
2021-08-02 22:28:40.037 [main] DEBUG c.v.o.d.UserProductMapDao.queryUserProductMapCount - <==      Total: 1
